Copyright 1986-2022 Xilinx, Inc. All Rights Reserved. Copyright 2022-2023 Advanced Micro Devices, Inc. All Rights Reserved.
---------------------------------------------------------------------------------------------------------------------------------------------
| Tool Version : Vivado v.2023.2 (win64) Build 4029153 Fri Oct 13 20:14:34 MDT 2023
| Date         : Sat Apr  5 14:07:16 2025
| Host         : Desktop running 64-bit major release  (build 9200)
| Command      : report_utilization -file design_1_wrapper_utilization_placed.rpt -pb design_1_wrapper_utilization_placed.pb
| Design       : design_1_wrapper
| Device       : xczu3eg-sbva484-1-e
| Speed File   : -1
| Design State : Fully Placed
---------------------------------------------------------------------------------------------------------------------------------------------

Utilization Design Information

Table of Contents
-----------------
1. CLB Logic
1.1 Summary of Registers by Type
2. CLB Logic Distribution
3. BLOCKRAM
4. ARITHMETIC
5. I/O
6. CLOCK
7. ADVANCED
8. CONFIGURATION
9. Primitives
10. Black Boxes
11. Instantiated Netlists

1. CLB Logic
------------

+----------------------------+-------+-------+------------+-----------+-------+
|          Site Type         |  Used | Fixed | Prohibited | Available | Util% |
+----------------------------+-------+-------+------------+-----------+-------+
| CLB LUTs                   | 45129 |     0 |          0 |     70560 | 63.96 |
|   LUT as Logic             | 44641 |     0 |          0 |     70560 | 63.27 |
|   LUT as Memory            |   488 |     0 |          0 |     28800 |  1.69 |
|     LUT as Distributed RAM |   280 |     0 |            |           |       |
|     LUT as Shift Register  |   208 |     0 |            |           |       |
| CLB Registers              | 34115 |     0 |          0 |    141120 | 24.17 |
|   Register as Flip Flop    | 34039 |     0 |          0 |    141120 | 24.12 |
|   Register as Latch        |    76 |     0 |          0 |    141120 |  0.05 |
| CARRY8                     |   822 |     0 |          0 |      8820 |  9.32 |
| F7 Muxes                   |  3859 |     0 |          0 |     35280 | 10.94 |
| F8 Muxes                   |  1248 |     0 |          0 |     17640 |  7.07 |
| F9 Muxes                   |     0 |     0 |          0 |      8820 |  0.00 |
+----------------------------+-------+-------+------------+-----------+-------+
* Warning! LUT value is adjusted to account for LUT combining.


1.1 Summary of Registers by Type
--------------------------------

+-------+--------------+-------------+--------------+
| Total | Clock Enable | Synchronous | Asynchronous |
+-------+--------------+-------------+--------------+
| 0     |            _ |           - |            - |
| 0     |            _ |           - |          Set |
| 0     |            _ |           - |        Reset |
| 0     |            _ |         Set |            - |
| 0     |            _ |       Reset |            - |
| 0     |          Yes |           - |            - |
| 33    |          Yes |           - |          Set |
| 145   |          Yes |           - |        Reset |
| 201   |          Yes |         Set |            - |
| 33736 |          Yes |       Reset |            - |
+-------+--------------+-------------+--------------+


2. CLB Logic Distribution
-------------------------

+--------------------------------------------+-------+-------+------------+-----------+-------+
|                  Site Type                 |  Used | Fixed | Prohibited | Available | Util% |
+--------------------------------------------+-------+-------+------------+-----------+-------+
| CLB                                        |  8403 |     0 |          0 |      8820 | 95.27 |
|   CLBL                                     |  4957 |     0 |            |           |       |
|   CLBM                                     |  3446 |     0 |            |           |       |
| LUT as Logic                               | 44641 |     0 |          0 |     70560 | 63.27 |
|   using O5 output only                     |   227 |       |            |           |       |
|   using O6 output only                     | 35928 |       |            |           |       |
|   using O5 and O6                          |  8486 |       |            |           |       |
| LUT as Memory                              |   488 |     0 |          0 |     28800 |  1.69 |
|   LUT as Distributed RAM                   |   280 |     0 |            |           |       |
|     using O5 output only                   |     0 |       |            |           |       |
|     using O6 output only                   |   244 |       |            |           |       |
|     using O5 and O6                        |    36 |       |            |           |       |
|   LUT as Shift Register                    |   208 |     0 |            |           |       |
|     using O5 output only                   |     0 |       |            |           |       |
|     using O6 output only                   |   112 |       |            |           |       |
|     using O5 and O6                        |    96 |       |            |           |       |
| CLB Registers                              | 34115 |     0 |          0 |    141120 | 24.17 |
|   Register driven from within the CLB      | 17864 |       |            |           |       |
|   Register driven from outside the CLB     | 16251 |       |            |           |       |
|     LUT in front of the register is unused |  6340 |       |            |           |       |
|     LUT in front of the register is used   |  9911 |       |            |           |       |
| Unique Control Sets                        |   993 |       |          0 |     17640 |  5.63 |
+--------------------------------------------+-------+-------+------------+-----------+-------+
* * Note: Available Control Sets calculated as Slices * 2, Review the Control Sets Report for more information regarding control sets.


3. BLOCKRAM
-----------

+-------------------+------+-------+------------+-----------+-------+
|     Site Type     | Used | Fixed | Prohibited | Available | Util% |
+-------------------+------+-------+------------+-----------+-------+
| Block RAM Tile    |   74 |     0 |          0 |       216 | 34.26 |
|   RAMB36/FIFO*    |   72 |     0 |          0 |       216 | 33.33 |
|     RAMB36E2 only |   72 |       |            |           |       |
|   RAMB18          |    4 |     0 |          0 |       432 |  0.93 |
|     RAMB18E2 only |    4 |       |            |           |       |
+-------------------+------+-------+------------+-----------+-------+
* Note: Each Block RAM Tile only has one FIFO logic available and therefore can accommodate only one FIFO36E2 or one FIFO18E2. However, if a FIFO18E2 occupies a Block RAM Tile, that tile can still accommodate a RAMB18E2


4. ARITHMETIC
-------------

+----------------+------+-------+------------+-----------+-------+
|    Site Type   | Used | Fixed | Prohibited | Available | Util% |
+----------------+------+-------+------------+-----------+-------+
| DSPs           |   10 |     0 |          0 |       360 |  2.78 |
|   DSP48E2 only |   10 |       |            |           |       |
+----------------+------+-------+------------+-----------+-------+


5. I/O
------

+------------------+------+-------+------------+-----------+-------+
|     Site Type    | Used | Fixed | Prohibited | Available | Util% |
+------------------+------+-------+------------+-----------+-------+
| Bonded IOB       |    0 |     0 |          0 |        82 |  0.00 |
| HPIOB_M          |    0 |     0 |          0 |        26 |  0.00 |
| HPIOB_S          |    0 |     0 |          0 |        26 |  0.00 |
| HDIOB_M          |    0 |     0 |          0 |        12 |  0.00 |
| HDIOB_S          |    0 |     0 |          0 |        12 |  0.00 |
| HPIOB_SNGL       |    0 |     0 |          0 |         6 |  0.00 |
| HPIOBDIFFINBUF   |    0 |     0 |          0 |        72 |  0.00 |
| HPIOBDIFFOUTBUF  |    0 |     0 |          0 |        72 |  0.00 |
| HDIOBDIFFINBUF   |    0 |     0 |          0 |        48 |  0.00 |
| BITSLICE_CONTROL |    0 |     0 |          0 |        24 |  0.00 |
| BITSLICE_RX_TX   |    0 |     0 |          0 |       936 |  0.00 |
| BITSLICE_TX      |    0 |     0 |          0 |        24 |  0.00 |
| RIU_OR           |    0 |     0 |          0 |        12 |  0.00 |
+------------------+------+-------+------------+-----------+-------+


6. CLOCK
--------

+----------------------+------+-------+------------+-----------+-------+
|       Site Type      | Used | Fixed | Prohibited | Available | Util% |
+----------------------+------+-------+------------+-----------+-------+
| GLOBAL CLOCK BUFFERs |    4 |     0 |          0 |       196 |  2.04 |
|   BUFGCE             |    3 |     0 |          0 |        88 |  3.41 |
|   BUFGCE_DIV         |    0 |     0 |          0 |        12 |  0.00 |
|   BUFG_PS            |    1 |     0 |          0 |        72 |  1.39 |
|   BUFGCTRL*          |    0 |     0 |          0 |        24 |  0.00 |
| PLL                  |    0 |     0 |          0 |         6 |  0.00 |
| MMCM                 |    0 |     0 |          0 |         3 |  0.00 |
+----------------------+------+-------+------------+-----------+-------+
* Note: Each used BUFGCTRL counts as two GLOBAL CLOCK BUFFERs. This table does not include global clocking resources, only buffer cell usage. See the Clock Utilization Report (report_clock_utilization) for detailed accounting of global clocking resource availability.


7. ADVANCED
-----------

+-----------+------+-------+------------+-----------+--------+
| Site Type | Used | Fixed | Prohibited | Available |  Util% |
+-----------+------+-------+------------+-----------+--------+
| PS8       |    1 |     0 |          0 |         1 | 100.00 |
| SYSMONE4  |    0 |     0 |          0 |         1 |   0.00 |
+-----------+------+-------+------------+-----------+--------+


8. CONFIGURATION
----------------

+-------------+------+-------+------------+-----------+-------+
|  Site Type  | Used | Fixed | Prohibited | Available | Util% |
+-------------+------+-------+------------+-----------+-------+
| BSCANE2     |    0 |     0 |          0 |         4 |  0.00 |
| DNA_PORTE2  |    0 |     0 |          0 |         1 |  0.00 |
| EFUSE_USR   |    0 |     0 |          0 |         1 |  0.00 |
| FRAME_ECCE4 |    0 |     0 |          0 |         1 |  0.00 |
| ICAPE3      |    0 |     0 |          0 |         2 |  0.00 |
| MASTER_JTAG |    0 |     0 |          0 |         1 |  0.00 |
| STARTUPE3   |    0 |     0 |          0 |         1 |  0.00 |
+-------------+------+-------+------------+-----------+-------+


9. Primitives
-------------

+----------+-------+---------------------+
| Ref Name |  Used | Functional Category |
+----------+-------+---------------------+
| FDRE     | 33736 |            Register |
| LUT6     | 19811 |                 CLB |
| LUT3     | 16315 |                 CLB |
| LUT5     |  8727 |                 CLB |
| LUT4     |  6244 |                 CLB |
| MUXF7    |  3859 |                 CLB |
| LUT2     |  1727 |                 CLB |
| MUXF8    |  1248 |                 CLB |
| CARRY8   |   822 |                 CLB |
| LUT1     |   303 |                 CLB |
| RAMS64E  |   240 |                 CLB |
| SRL16E   |   206 |                 CLB |
| FDSE     |   201 |            Register |
| SRLC32E  |    98 |                 CLB |
| LDCE     |    76 |            Register |
| RAMB36E2 |    72 |            BLOCKRAM |
| FDCE     |    69 |            Register |
| RAMD32   |    66 |                 CLB |
| FDPE     |    33 |            Register |
| RAMS32   |    10 |                 CLB |
| DSP48E2  |    10 |          Arithmetic |
| RAMB18E2 |     4 |            BLOCKRAM |
| BUFGCE   |     3 |               Clock |
| PS8      |     1 |            Advanced |
| BUFG_PS  |     1 |               Clock |
+----------+-------+---------------------+


10. Black Boxes
---------------

+----------+------+
| Ref Name | Used |
+----------+------+


11. Instantiated Netlists
-------------------------

+----------+------+
| Ref Name | Used |
+----------+------+


