Copyright 1986-2022 Xilinx, Inc. All Rights Reserved. Copyright 2022-2024 Advanced Micro Devices, Inc. All Rights Reserved.
---------------------------------------------------------------------------------------------------------------------------------------------
| Tool Version : Vivado v.2024.2 (win64) Build 5239630 Fri Nov 08 22:35:27 MST 2024
| Date         : Mon Apr 14 22:54:58 2025
| Host         : Desktop running 64-bit major release  (build 9200)
| Command      : report_utilization -file design_1_wrapper_utilization_placed.rpt -pb design_1_wrapper_utilization_placed.pb
| Design       : design_1_wrapper
| Device       : xczu3eg-sbva484-1-e
| Speed File   : -1
| Design State : Fully Placed
---------------------------------------------------------------------------------------------------------------------------------------------

Utilization Design Information

Table of Contents
-----------------
1. CLB Logic
1.1 Summary of Registers by Type
2. CLB Logic Distribution
3. BLOCKRAM
4. ARITHMETIC
5. I/O
6. CLOCK
7. ADVANCED
8. CONFIGURATION
9. Primitives
10. Black Boxes
11. Instantiated Netlists

1. CLB Logic
------------

+----------------------------+-------+-------+------------+-----------+-------+
|          Site Type         |  Used | Fixed | Prohibited | Available | Util% |
+----------------------------+-------+-------+------------+-----------+-------+
| CLB LUTs                   | 68785 |     0 |          0 |     70560 | 97.48 |
|   LUT as Logic             | 68400 |     0 |          0 |     70560 | 96.94 |
|   LUT as Memory            |   385 |     0 |          0 |     28800 |  1.34 |
|     LUT as Distributed RAM |   280 |     0 |            |           |       |
|     LUT as Shift Register  |   105 |     0 |            |           |       |
| CLB Registers              |  9477 |     0 |          0 |    141120 |  6.72 |
|   Register as Flip Flop    |  9441 |     0 |          0 |    141120 |  6.69 |
|   Register as Latch        |    36 |     0 |          0 |    141120 |  0.03 |
| CARRY8                     |   811 |     0 |          0 |      8820 |  9.20 |
| F7 Muxes                   |  2813 |     0 |          0 |     35280 |  7.97 |
| F8 Muxes                   |   929 |     0 |          0 |     17640 |  5.27 |
| F9 Muxes                   |     0 |     0 |          0 |      8820 |  0.00 |
+----------------------------+-------+-------+------------+-----------+-------+
* Warning! LUT value is adjusted to account for LUT combining.


1.1 Summary of Registers by Type
--------------------------------

+-------+--------------+-------------+--------------+
| Total | Clock Enable | Synchronous | Asynchronous |
+-------+--------------+-------------+--------------+
| 0     |            _ |           - |            - |
| 0     |            _ |           - |          Set |
| 0     |            _ |           - |        Reset |
| 0     |            _ |         Set |            - |
| 0     |            _ |       Reset |            - |
| 0     |          Yes |           - |            - |
| 42    |          Yes |           - |          Set |
| 119   |          Yes |           - |        Reset |
| 250   |          Yes |         Set |            - |
| 9066  |          Yes |       Reset |            - |
+-------+--------------+-------------+--------------+


2. CLB Logic Distribution
-------------------------

+--------------------------------------------+-------+-------+------------+-----------+-------+
|                  Site Type                 |  Used | Fixed | Prohibited | Available | Util% |
+--------------------------------------------+-------+-------+------------+-----------+-------+
| CLB                                        |  8780 |     0 |          0 |      8820 | 99.55 |
|   CLBL                                     |  5205 |     0 |            |           |       |
|   CLBM                                     |  3575 |     0 |            |           |       |
| LUT as Logic                               | 68400 |     0 |          0 |     70560 | 96.94 |
|   using O5 output only                     |   126 |       |            |           |       |
|   using O6 output only                     | 61367 |       |            |           |       |
|   using O5 and O6                          |  6907 |       |            |           |       |
| LUT as Memory                              |   385 |     0 |          0 |     28800 |  1.34 |
|   LUT as Distributed RAM                   |   280 |     0 |            |           |       |
|     using O5 output only                   |     0 |       |            |           |       |
|     using O6 output only                   |   244 |       |            |           |       |
|     using O5 and O6                        |    36 |       |            |           |       |
|   LUT as Shift Register                    |   105 |     0 |            |           |       |
|     using O5 output only                   |     0 |       |            |           |       |
|     using O6 output only                   |     9 |       |            |           |       |
|     using O5 and O6                        |    96 |       |            |           |       |
| CLB Registers                              |  9477 |     0 |          0 |    141120 |  6.72 |
|   Register driven from within the CLB      |  7575 |       |            |           |       |
|   Register driven from outside the CLB     |  1902 |       |            |           |       |
|     LUT in front of the register is unused |   223 |       |            |           |       |
|     LUT in front of the register is used   |  1679 |       |            |           |       |
| Unique Control Sets                        |   648 |       |          0 |     17640 |  3.67 |
+--------------------------------------------+-------+-------+------------+-----------+-------+
* * Note: Available Control Sets calculated as Slices * 2, Review the Control Sets Report for more information regarding control sets.


3. BLOCKRAM
-----------

+-------------------+------+-------+------------+-----------+-------+
|     Site Type     | Used | Fixed | Prohibited | Available | Util% |
+-------------------+------+-------+------------+-----------+-------+
| Block RAM Tile    |   16 |     0 |          0 |       216 |  7.41 |
|   RAMB36/FIFO*    |   16 |     0 |          0 |       216 |  7.41 |
|     RAMB36E2 only |   16 |       |            |           |       |
|   RAMB18          |    0 |     0 |          0 |       432 |  0.00 |
+-------------------+------+-------+------------+-----------+-------+
* Note: Each Block RAM Tile only has one FIFO logic available and therefore can accommodate only one FIFO36E2 or one FIFO18E2. However, if a FIFO18E2 occupies a Block RAM Tile, that tile can still accommodate a RAMB18E2


4. ARITHMETIC
-------------

+----------------+------+-------+------------+-----------+-------+
|    Site Type   | Used | Fixed | Prohibited | Available | Util% |
+----------------+------+-------+------------+-----------+-------+
| DSPs           |   10 |     0 |          0 |       360 |  2.78 |
|   DSP48E2 only |   10 |       |            |           |       |
+----------------+------+-------+------------+-----------+-------+


5. I/O
------

+------------------+------+-------+------------+-----------+-------+
|     Site Type    | Used | Fixed | Prohibited | Available | Util% |
+------------------+------+-------+------------+-----------+-------+
| Bonded IOB       |    0 |     0 |          0 |        82 |  0.00 |
| HPIOB_M          |    0 |     0 |          0 |        26 |  0.00 |
| HPIOB_S          |    0 |     0 |          0 |        26 |  0.00 |
| HDIOB_M          |    0 |     0 |          0 |        12 |  0.00 |
| HDIOB_S          |    0 |     0 |          0 |        12 |  0.00 |
| HPIOB_SNGL       |    0 |     0 |          0 |         6 |  0.00 |
| HPIOBDIFFINBUF   |    0 |     0 |          0 |        72 |  0.00 |
| HPIOBDIFFOUTBUF  |    0 |     0 |          0 |        72 |  0.00 |
| HDIOBDIFFINBUF   |    0 |     0 |          0 |        48 |  0.00 |
| BITSLICE_CONTROL |    0 |     0 |          0 |        24 |  0.00 |
| BITSLICE_RX_TX   |    0 |     0 |          0 |       936 |  0.00 |
| BITSLICE_TX      |    0 |     0 |          0 |        24 |  0.00 |
| RIU_OR           |    0 |     0 |          0 |        12 |  0.00 |
+------------------+------+-------+------------+-----------+-------+


6. CLOCK
--------

+------------+------+-------+------------+-----------+-------+
|  Site Type | Used | Fixed | Prohibited | Available | Util% |
+------------+------+-------+------------+-----------+-------+
| BUFGCE     |    3 |     0 |          0 |        88 |  3.41 |
| BUFGCE_DIV |    0 |     0 |          0 |        12 |  0.00 |
| BUFG_PS    |    1 |     0 |          0 |        72 |  1.39 |
| BUFGCTRL*  |    0 |     0 |          0 |        24 |  0.00 |
| PLL        |    0 |     0 |          0 |         6 |  0.00 |
| MMCM       |    0 |     0 |          0 |         3 |  0.00 |
+------------+------+-------+------------+-----------+-------+
* Note: Each used BUFGCTRL counts as two GLOBAL CLOCK BUFFERs. This table does not include global clocking resources, only buffer cell usage. See the Clock Utilization Report (report_clock_utilization) for detailed accounting of global clocking resource availability.


7. ADVANCED
-----------

+-----------+------+-------+------------+-----------+--------+
| Site Type | Used | Fixed | Prohibited | Available |  Util% |
+-----------+------+-------+------------+-----------+--------+
| PS8       |    1 |     0 |          0 |         1 | 100.00 |
| SYSMONE4  |    0 |     0 |          0 |         1 |   0.00 |
+-----------+------+-------+------------+-----------+--------+


8. CONFIGURATION
----------------

+-------------+------+-------+------------+-----------+-------+
|  Site Type  | Used | Fixed | Prohibited | Available | Util% |
+-------------+------+-------+------------+-----------+-------+
| BSCANE2     |    0 |     0 |          0 |         4 |  0.00 |
| DNA_PORTE2  |    0 |     0 |          0 |         1 |  0.00 |
| EFUSE_USR   |    0 |     0 |          0 |         1 |  0.00 |
| FRAME_ECCE4 |    0 |     0 |          0 |         1 |  0.00 |
| ICAPE3      |    0 |     0 |          0 |         2 |  0.00 |
| MASTER_JTAG |    0 |     0 |          0 |         1 |  0.00 |
| STARTUPE3   |    0 |     0 |          0 |         1 |  0.00 |
+-------------+------+-------+------------+-----------+-------+


9. Primitives
-------------

+----------+-------+---------------------+
| Ref Name |  Used | Functional Category |
+----------+-------+---------------------+
| LUT6     | 35450 |                 CLB |
| LUT5     | 18441 |                 CLB |
| FDRE     |  9066 |            Register |
| LUT3     |  8996 |                 CLB |
| LUT4     |  8694 |                 CLB |
| LUT2     |  3442 |                 CLB |
| MUXF7    |  2813 |                 CLB |
| MUXF8    |   929 |                 CLB |
| CARRY8   |   811 |                 CLB |
| LUT1     |   284 |                 CLB |
| FDSE     |   250 |            Register |
| RAMS64E  |   240 |                 CLB |
| SRL16E   |   201 |                 CLB |
| FDCE     |    83 |            Register |
| RAMD32   |    66 |                 CLB |
| FDPE     |    42 |            Register |
| LDCE     |    36 |            Register |
| RAMB36E2 |    16 |            BLOCKRAM |
| RAMS32   |    10 |                 CLB |
| DSP48E2  |    10 |          Arithmetic |
| BUFGCE   |     3 |               Clock |
| PS8      |     1 |            Advanced |
| BUFG_PS  |     1 |               Clock |
+----------+-------+---------------------+


10. Black Boxes
---------------

+----------+------+
| Ref Name | Used |
+----------+------+


11. Instantiated Netlists
-------------------------

+----------+------+
| Ref Name | Used |
+----------+------+


